#
# A fatal error has been detected by the Java Runtime Environment:
#
#  Internal Error (javaClasses.cpp:126), pid=7528, tid=3312
#  fatal error: Invalid layout of preloaded class
#
# JRE version:  (8.0_20-b26) (build )
# Java VM: Java HotSpot(TM) 64-Bit Server VM (25.20-b23 mixed mode windows-amd64 compressed oops)
# Failed to write core dump. Minidumps are not enabled by default on client versions of Windows
#
# If you would like to submit a bug report, please visit:
#   http://bugreport.sun.com/bugreport/crash.jsp
#

---------------  T H R E A D  ---------------

Current thread (0x0000000002430800):  JavaThread "Unknown thread" [_thread_in_vm, id=3312, stack(0x0000000002330000,0x0000000002430000)]

Stack: [0x0000000002330000,0x0000000002430000]
Native frames: (J=compiled Java code, j=interpreted, Vv=VM code, C=native code)
V  [jvm.dll+0x3152fa]
V  [jvm.dll+0x265d03]
V  [jvm.dll+0x266943]
V  [jvm.dll+0x25e1e6]
V  [jvm.dll+0x5e64c]
V  [jvm.dll+0x5e743]
V  [jvm.dll+0x7316a]
V  [jvm.dll+0x734c8]
V  [jvm.dll+0xe3937]
V  [jvm.dll+0xe3cc6]
V  [jvm.dll+0x1f89d7]
V  [jvm.dll+0x229fc4]
V  [jvm.dll+0x14c6f1]
C  [javaw.exe+0x20c6]
C  [javaw.exe+0xc9eb]
C  [javaw.exe+0xca7f]
C  [KERNEL32.DLL+0x16ad]
C  [ntdll.dll+0x54409]


---------------  P R O C E S S  ---------------

Java Threads: ( => current thread )

Other Threads:

=>0x0000000002430800 (exited) JavaThread "Unknown thread" [_thread_in_vm, id=3312, stack(0x0000000002330000,0x0000000002430000)]

VM state:not at safepoint (not fully initialized)

VM Mutex/Monitor currently owned by a thread: None

GC Heap History (0 events):
No events

Deoptimization events (0 events):
No events

Internal exceptions (0 events):
No events

Events (10 events):
Event: 0.027 loading class java/lang/CharSequence done
Event: 0.028 loading class java/lang/String done
Event: 0.028 loading class java/lang/Class
Event: 0.028 loading class java/lang/reflect/AnnotatedElement
Event: 0.028 loading class java/lang/reflect/AnnotatedElement done
Event: 0.028 loading class java/lang/reflect/GenericDeclaration
Event: 0.028 loading class java/lang/reflect/GenericDeclaration done
Event: 0.028 loading class java/lang/reflect/Type
Event: 0.028 loading class java/lang/reflect/Type done
Event: 0.028 loading class java/lang/Class done


Dynamic libraries:
0x00007ff6cf860000 - 0x00007ff6cf894000 	C:\Program Files\Java\jre1.8.0_20\bin\javaw.exe
0x00007ffa91e20000 - 0x00007ffa91fc6000 	C:\windows\SYSTEM32\ntdll.dll
0x00007ffa910f0000 - 0x00007ffa9122a000 	C:\windows\system32\KERNEL32.DLL
0x00007ffa8f260000 - 0x00007ffa8f36f000 	C:\windows\system32\KERNELBASE.dll
0x00007ffa8dda0000 - 0x00007ffa8de28000 	C:\windows\system32\apphelp.dll
0x00007ffa86340000 - 0x00007ffa8638f000 	C:\windows\AppPatch\AppPatch64\AcGenral.DLL
0x00007ffa91600000 - 0x00007ffa916a7000 	C:\windows\system32\msvcrt.dll
0x00007ffa8f040000 - 0x00007ffa8f06b000 	C:\windows\SYSTEM32\SspiCli.dll
0x00007ffa91aa0000 - 0x00007ffa91af1000 	C:\windows\system32\SHLWAPI.dll
0x00007ffa913d0000 - 0x00007ffa91541000 	C:\windows\system32\USER32.dll
0x00007ffa91910000 - 0x00007ffa91a88000 	C:\windows\system32\ole32.dll
0x00007ffa8f8e0000 - 0x00007ffa90cef000 	C:\windows\system32\SHELL32.dll
0x00007ffa8e800000 - 0x00007ffa8e81e000 	C:\windows\SYSTEM32\USERENV.dll
0x00007ffa91d00000 - 0x00007ffa91da5000 	C:\windows\system32\ADVAPI32.dll
0x00007ffa894c0000 - 0x00007ffa894db000 	C:\windows\SYSTEM32\MPR.dll
0x00007ffa90ed0000 - 0x00007ffa91007000 	C:\windows\system32\RPCRT4.dll
0x00007ffa91370000 - 0x00007ffa913c7000 	C:\windows\SYSTEM32\sechost.dll
0x00007ffa8f700000 - 0x00007ffa8f8d6000 	C:\windows\SYSTEM32\combase.dll
0x00007ffa91bb0000 - 0x00007ffa91cf4000 	C:\windows\system32\GDI32.dll
0x00007ffa8f190000 - 0x00007ffa8f1a4000 	C:\windows\SYSTEM32\profapi.dll
0x00007ffa8d590000 - 0x00007ffa8d62f000 	C:\windows\SYSTEM32\SHCORE.dll
0x00007ffa916b0000 - 0x00007ffa916e4000 	C:\windows\system32\IMM32.DLL
0x00007ffa91230000 - 0x00007ffa91369000 	C:\windows\system32\MSCTF.dll
0x00007ffa8c150000 - 0x00007ffa8c3aa000 	C:\windows\WinSxS\amd64_microsoft.windows.common-controls_6595b64144ccf1df_6.0.9600.17031_none_6242a4b3ecbb55a1\COMCTL32.dll
0x0000000063f60000 - 0x0000000064032000 	C:\Program Files\Java\jre1.8.0_20\bin\msvcr100.dll
0x0000000064040000 - 0x0000000064898000 	C:\Program Files\Java\jre1.8.0_20\bin\server\jvm.dll
0x00007ffa7c800000 - 0x00007ffa7c809000 	C:\windows\SYSTEM32\WSOCK32.dll
0x00007ffa8b820000 - 0x00007ffa8b83f000 	C:\windows\SYSTEM32\WINMM.dll
0x00007ffa91b00000 - 0x00007ffa91b07000 	C:\windows\system32\PSAPI.DLL
0x00007ffa8f6a0000 - 0x00007ffa8f6f8000 	C:\windows\system32\WS2_32.dll
0x00007ffa8b7f0000 - 0x00007ffa8b81a000 	C:\windows\SYSTEM32\WINMMBASE.dll
0x00007ffa910e0000 - 0x00007ffa910e9000 	C:\windows\system32\NSI.dll
0x00007ffa8f5a0000 - 0x00007ffa8f5ea000 	C:\windows\SYSTEM32\cfgmgr32.dll
0x00007ffa8dff0000 - 0x00007ffa8e016000 	C:\windows\SYSTEM32\DEVOBJ.dll
0x0000000064cf0000 - 0x0000000064cff000 	C:\Program Files\Java\jre1.8.0_20\bin\verify.dll
0x0000000064cc0000 - 0x0000000064ce8000 	C:\Program Files\Java\jre1.8.0_20\bin\java.dll
0x0000000064ca0000 - 0x0000000064cb6000 	C:\Program Files\Java\jre1.8.0_20\bin\zip.dll
0x00007ffa8a6e0000 - 0x00007ffa8a868000 	C:\windows\SYSTEM32\dbghelp.dll

VM Arguments:
jvm_args: -Dfile.encoding=Cp1252 -Xbootclasspath:C:\Ankit B. Thosani\Android\Android\adt-bundle-windows-x86_64-20140702\sdk\platforms\android-20\android.jar 
java_command: com.example.filetransfer.FileServer
java_class_path (initial): C:\ProjAndroid\FileTransfer\bin\classes;C:\ProjAndroid\appcompat_v7\libs\android-support-v4.jar;C:\ProjAndroid\appcompat_v7\libs\android-support-v7-appcompat.jar;C:\ProjAndroid\appcompat_v7\bin\appcompat_v7.jar
Launcher Type: SUN_STANDARD

Environment Variables:
PATH=C:/Program Files/Java/jre1.8.0_20/bin/server;C:/Program Files/Java/jre1.8.0_20/bin;C:/Program Files/Java/jre1.8.0_20/lib/amd64;C:\ProgramData\Oracle\Java\javapath;C:\Program Files (x86)\Lenovo\FusionEngine;C:\Program Files (x86)\Intel\iCLS Client\;C:\Program Files\Intel\iCLS Client\;C:\windows\system32;C:\windows;C:\windows\System32\Wbem;C:\windows\System32\WindowsPowerShell\v1.0\;C:\Program Files\Intel\Intel(R) Management Engine Components\DAL;C:\Program Files\Intel\Intel(R) Management Engine Components\IPT;C:\Program Files (x86)\Intel\Intel(R) Management Engine Components\DAL;C:\Program Files (x86)\Intel\Intel(R) Management Engine Components\IPT;C:\Program Files (x86)\Common Files\lenovo\easyplussdk\bin;C:\Program Files\Java\jdk1.8.0_20\bin;C:\Ankit B. Thosani\Android\Android\adt-bundle-windows-x86_64-20140702\eclipse;
USERNAME=Ankit
OS=Windows_NT
PROCESSOR_IDENTIFIER=Intel64 Family 6 Model 69 Stepping 1, GenuineIntel



---------------  S Y S T E M  ---------------

OS: Windows 8.1 , 64 bit Build 9600 

CPU:total 4 (2 cores per cpu, 2 threads per core) family 6 model 69 stepping 1, cmov, cx8, fxsr, mmx, sse, sse2, sse3, ssse3, sse4.1, sse4.2, popcnt, avx, avx2, aes, clmul, erms, lzcnt, ht, tsc, tscinvbit, bmi1, bmi2

Memory: 4k page, physical 8278296k(3101536k free), swap 9589016k(3712976k free)

vm_info: Java HotSpot(TM) 64-Bit Server VM (25.20-b23) for windows-amd64 JRE (1.8.0_20-b26), built on Jul 30 2014 13:51:23 by "java_re" with MS VC++ 10.0 (VS2010)

time: Sat Dec 06 17:02:41 2014
elapsed time: 0 seconds (0d 0h 0m 0s)

